Array
(
)
[07-Sep-2022 08:36:48 Europe/Berlin] PHP Warning:  Array to string conversion in C:\xampp\htdocs\jquery\index.php on line 10
Array
index.html
[07-Sep-2022 08:40:22 Europe/Berlin] PHP Warning:  Array to string conversion in C:\xampp\htdocs\jquery\index.php on line 10
Array
[07-Sep-2022 09:01:47 Europe/Berlin] PHP Warning:  Array to string conversion in C:\xampp\htdocs\jquery\index.php on line 10
Array
[07-Sep-2022 09:28:34 Europe/Berlin] PHP Warning:  Array to string conversion in C:\xampp\htdocs\jquery\index_error.php on line 10
Array
[09-Sep-2022 10:23:13 Europe/Berlin] PHP Warning:  Array to string conversion in C:\xampp\htdocs\phptodolist\index_error.php on line 8
Array
hello
hello
hellohello
hello
hello
hello
hello
hello
hello
hello
hello
hello
hello
hello
hello
hello
hello
hello
hello
welcome 
pair programming
pair programming
1
coding practice at 9
1
coding practice at 9
1
coding practice at 9
hello
todolist item being posted
hello
hello

hello
welcome 
debugging posting in form
pair programming
hello
pair programming
pair programming
pair programming
pair programming
pair programming
pair programming
pair programming
pair programming
pair programming
pair programming
pair programming
pair programming
pair programming
pair programming
pair programming
hello
pair programming 101
pair programming 101
pair programming 101
pair programming
1
pair programming
1
1
1
1
1
1
1
1
1
thank you for connecting
thank you for connecting
1
pair programming 109
1
pair programmingn1010
1
ajax added to php form
1
ajax added to php form
1
ajax added to php form
1

1
